  GPUProgrammingPractice.cpp
C:\program1\GPUProgrammingPractice\include\GLFW\glfw3.h(3235,1): warning C4819: 현재 코드 페이지(949)에서 표시할 수 없는 문자가 파일에 들어 있습니다. 데이터가 손실되지 않게 하려면 해당 파일을 유니코드 형식으로 저장하십시오.
C:\program1\GPUProgrammingPractice\GPUProgrammingPractice\graphics.h(34,20): warning C4305: '초기화 중': 'double'에서 'float'(으)로 잘립니다.
C:\program1\GPUProgrammingPractice\GPUProgrammingPractice\graphics.h(35,4): warning C4305: '초기화 중': 'double'에서 'float'(으)로 잘립니다.
C:\program1\GPUProgrammingPractice\GPUProgrammingPractice\graphics.h(36,3): warning C4305: '초기화 중': 'double'에서 'float'(으)로 잘립니다.
C:\program1\GPUProgrammingPractice\GPUProgrammingPractice\graphics.h(37,4): warning C4305: '초기화 중': 'double'에서 'float'(으)로 잘립니다.
C:\program1\GPUProgrammingPractice\GPUProgrammingPractice\graphics.h(37,11): warning C4305: '초기화 중': 'double'에서 'float'(으)로 잘립니다.
C:\program1\GPUProgrammingPractice\GPUProgrammingPractice\graphics.h(38,8): warning C4305: '초기화 중': 'double'에서 'float'(으)로 잘립니다.
C:\program1\GPUProgrammingPractice\GPUProgrammingPractice\graphics.h(39,3): warning C4305: '초기화 중': 'double'에서 'float'(으)로 잘립니다.
C:\program1\GPUProgrammingPractice\GPUProgrammingPractice\graphics.h(39,10): warning C4305: '초기화 중': 'double'에서 'float'(으)로 잘립니다.
C:\program1\GPUProgrammingPractice\GPUProgrammingPractice\graphics.h(156,35): warning C4244: '-=': 'double'에서 'float'(으)로 변환하면서 데이터가 손실될 수 있습니다.
C:\program1\GPUProgrammingPractice\GPUProgrammingPractice\graphics.h(157,34): warning C4244: '-=': 'double'에서 'float'(으)로 변환하면서 데이터가 손실될 수 있습니다.
C:\program1\GPUProgrammingPractice\GPUProgrammingPractice\graphics.h(164,17): warning C4244: '-=': 'double'에서 'float'(으)로 변환하면서 데이터가 손실될 수 있습니다.
C:\program1\GPUProgrammingPractice\GPUProgrammingPractice\graphics.h(166,18): warning C4305: '=': 'double'에서 'float'(으)로 잘립니다.
C:\program1\GPUProgrammingPractice\GPUProgrammingPractice\graphics.h(169,9): warning C4305: '=': 'double'에서 'float'(으)로 잘립니다.
C:\program1\GPUProgrammingPractice\GPUProgrammingPractice\GPUProgrammingPractice.cpp(15,11): warning C4305: '초기화 중': 'double'에서 'float'(으)로 잘립니다.
glew32s.lib(glew.obj) : warning LNK4099: '' PDB를 'glew32s.lib(glew.obj)' 또는 ''에서 찾을 수 없습니다. 디버그 정보가 없는 것처럼 개체를 링크합니다.
LINK : warning LNK4098: 'MSVCRT' defaultlib가 다른 라이브러리와 충돌합니다. /NODEFAULTLIB:library를 사용하십시오.
LINK : warning LNK4098: 'LIBCMT' defaultlib가 다른 라이브러리와 충돌합니다. /NODEFAULTLIB:library를 사용하십시오.
  GPUProgrammingPractice.vcxproj -> C:\program1\GPUProgrammingPractice\x64\Debug\GPUProgrammingPractice.exe
